-------------------------------------------------------------------------------
Test set: br.ejb.fromarchtype.MainTest
-------------------------------------------------------------------------------
Tests run: 1, Failures: 1, Errors: 0, Skipped: 0, Time elapsed: 0.003 sec <<< FAILURE! - in br.ejb.fromarchtype.MainTest
test(br.ejb.fromarchtype.MainTest)  Time elapsed: 0.002 sec  <<< FAILURE!
java.lang.AssertionError: Not yet implemented
	at org.junit.Assert.fail(Assert.java:93)
	at br.ejb.fromarchtype.MainTest.test(MainTest.java:26)

